{
  "RSpec": {
    "coverage": {
      "/Users/brookewoolley/Projects/Oyster/spec/oystercard_spec.rb": [
        1,
        null,
        1,
        9,
        1,
        null,
        1,
        null,
        null,
        1,
        1,
        1,
        1,
        null,
        null,
        null,
        null,
        1,
        1,
        2,
        null,
        null,
        null,
        null,
        1,
        null,
        1,
        1,
        null,
        null,
        null,
        1,
        1,
        1,
        1,
        null,
        null,
        null,
        null,
        null,
        1,
        null,
        1,
        null,
        2,
        null,
        null,
        1,
        1,
        4,
        null,
        null,
        null,
        null,
        1,
        null,
        1,
        1,
        1,
        1,
        1,
        null,
        null,
        null,
        1,
        4,
        null,
        null,
        1,
        1,
        1,
        4,
        null,
        null,
        1,
        1,
        1,
        4,
        null,
        null,
        null,
        null,
        1,
        null,
        1,
        1,
        null,
        null,
        1,
        1,
        4,
        null,
        null,
        null,
        null,
        null,
        null,
        null,
        null
      ],
      "/Users/brookewoolley/Projects/Oyster/lib/oystercard.rb": [
        1,
        null,
        1,
        1,
        1,
        null,
        1,
        null,
        1,
        12,
        12,
        12,
        12,
        null,
        null,
        1,
        9,
        8,
        null,
        null,
        1,
        3,
        null,
        null,
        1,
        7,
        6,
        6,
        null,
        null,
        1,
        4,
        4,
        4,
        4,
        null,
        null,
        1,
        null,
        1,
        4,
        null,
        null,
        null,
        null
      ]
    },
    "timestamp": 1547649207
  }
}
